<?xml version="1.0" encoding="UTF-8" ?>
<testsuite errors="0" failures="0" hostname="csce-740-09" name="platformer.PlatformerTest" tests="4" time="0.722" timestamp="2012-02-15T18:16:33">
  <properties>
    <property name="default.javac.source" value="1.7" />
    <property name="file.encoding.pkg" value="sun.io" />
    <property name="libs.toplink.maven-pom" value="" />
    <property name="javac.source" value="1.6" />
    <property name="netbeans.system_http_proxy" value="DIRECT" />
    <property name="java.home" value="C:\Program Files (x86)\Java\jdk1.7.0\jre" />
    <property name="libs.eclipselinkmodelgen.classpath" value="C:\Program Files (x86)\NetBeans 7.0.1\java\modules\ext\eclipselink\eclipselink-jpa-modelgen-2.2.0.jar" />
    <property name="do.archive+manifest.available+main.class" value="true" />
    <property name="test.src.dir" value="test" />
    <property name="libs.jaxws21.src" value="" />
    <property name="javadoc.version" value="false" />
    <property name="libs.CopyLibs.classpath" value="C:\Program Files (x86)\NetBeans 7.0.1\java\ant\extra\org-netbeans-modules-java-j2seproject-copylibstask.jar" />
    <property name="libs.javac-api.src" value="" />
    <property name="java.endorsed.dirs" value="C:\Program Files (x86)\Java\jdk1.7.0\jre\lib\endorsed" />
    <property name="libs.MySQLDriver.classpath" value="C:\Program Files (x86)\NetBeans 7.0.1\ide\modules\ext\mysql-connector-java-5.1.13-bin.jar" />
    <property name="libs.jaxb.javadoc" value="C:\Program Files (x86)\NetBeans 7.0.1\ide\docs\jaxb-api-doc.zip" />
    <property name="libs.junit.maven-pom" value="" />
    <property name="libs.PostgreSQLDriver.src" value="" />
    <property name="src.dir" value="src" />
    <property name="sun.java2d.noddraw" value="true" />
    <property name="debug-args-line" value="-Xdebug" />
    <property name="netbeans.hash.code" value="unique=NBJDK_JAVA_JDK02d3c43e1-454f-4dfd-b1fa-7f2221dded91_e236d234-0ffc-4bf4-82a7-d080bd6a11c2" />
    <property name="build.sysclasspath" value="ignore" />
    <property name="have.sources" value="true" />
    <property name="includes" value="**" />
    <property name="javac.fork" value="false" />
    <property name="source.encoding" value="UTF-8" />
    <property name="libs.jaxws21.classpath" value="C:\Program Files (x86)\NetBeans 7.0.1\ide\modules\ext\jaxb\jaxb-impl.jar;C:\Program Files (x86)\NetBeans 7.0.1\ide\modules\ext\jaxb\jaxb-xjc.jar;C:\Program Files (x86)\NetBeans 7.0.1\java\modules\ext\jaxws22\FastInfoset.jar;C:\Program Files (x86)\NetBeans 7.0.1\java\modules\ext\jaxws22\gmbal-api-only.jar;C:\Program Files (x86)\NetBeans 7.0.1\java\modules\ext\jaxws22\http.jar;C:\Program Files (x86)\NetBeans 7.0.1\java\modules\ext\jaxws22\jaxws-rt.jar;C:\Program Files (x86)\NetBeans 7.0.1\java\modules\ext\jaxws22\jaxws-tools.jar;C:\Program Files (x86)\NetBeans 7.0.1\java\modules\ext\jaxws22\management-api.jar;C:\Program Files (x86)\NetBeans 7.0.1\java\modules\ext\jaxws22\mimepull.jar;C:\Program Files (x86)\NetBeans 7.0.1\java\modules\ext\jaxws22\policy.jar;C:\Program Files (x86)\NetBeans 7.0.1\java\modules\ext\jaxws22\saaj-impl.jar;C:\Program Files (x86)\NetBeans 7.0.1\java\modules\ext\jaxws22\stax-ex.jar;C:\Program Files (x86)\NetBeans 7.0.1\java\modules\ext\jaxws22\streambuffer.jar;C:\Program Files (x86)\NetBeans 7.0.1\java\modules\ext\jaxws22\woodstox.jar;C:\Program Files (x86)\NetBeans 7.0.1\java\modules\ext\jaxws22\api\jaxws-api.jar;C:\Program Files (x86)\NetBeans 7.0.1\java\modules\ext\jaxws22\api\jsr181-api.jar;C:\Program Files (x86)\NetBeans 7.0.1\java\modules\ext\jaxws22\api\jsr250-api.jar;C:\Program Files (x86)\NetBeans 7.0.1\java\modules\ext\jaxws22\api\saaj-api.jar;C:\Program Files (x86)\NetBeans 7.0.1\ide\modules\ext\jaxb\activation.jar;C:\Program Files (x86)\NetBeans 7.0.1\ide\modules\ext\jaxb\api\jaxb-api.jar;C:\Program Files (x86)\NetBeans 7.0.1\ide\modules\ext\jaxb\api\jsr173_api.jar" />
    <property name="libs.swing-app-framework.javadoc" value="C:\Program Files (x86)\NetBeans 7.0.1\java\docs\appframework-1.0.3-doc.zip" />
    <property name="sun.os.patch.level" value="Service Pack 1" />
    <property name="java.vendor.url" value="http://java.oracle.com/" />
    <property name="java.version" value="1.7.0" />
    <property name="nb.show.statistics.ui" value="usageStatisticsEnabled" />
    <property name="javac.debug" value="true" />
    <property name="org.openide.major.version" value="IDE/1" />
    <property name="run.classpath" value="C:\Users\jrios\Documents\JGame\JGame\jgame-all.jar:C:\Users\jrios\.netbeans\7.0\modules\ext\junit-4.8.2.jar:build/classes" />
    <property name="libs.PostgreSQLDriver.maven-pom" value="" />
    <property name="java.vendor.url.bug" value="http://bugreport.sun.com/bugreport/" />
    <property name="netbeans.autoupdate.variant" value="" />
    <property name="libs.eclipselink.javadoc" value="" />
    <property name="libs.absolutelayout.javadoc" value="" />
    <property name="libs.junit_4.maven-pom" value="" />
    <property name="netbeans.buildnumber" value="201107282000" />
    <property name="ant.project.invoked-targets" value="test" />
    <property name="annotation.processing.run.all.processors" value="true" />
    <property name="manifest.file" value="manifest.mf" />
    <property name="ant.file.Platformer-impl" value="C:\Users\jrios\Documents\NetBeansProjects\Platformer\nbproject\build-impl.xml" />
    <property name="libs.swing-app-framework.maven-pom" value="" />
    <property name="user.name" value="jrios" />
    <property name="manifest.available+main.class+mkdist.available" value="true" />
    <property name="libs.eclipselinkmodelgen.src" value="" />
    <property name="empty.dir" value="C:\Users\jrios\Documents\NetBeansProjects\Platformer\build\empty" />
    <property name="sun.io.unicode.encoding" value="UnicodeLittle" />
    <property name="sun.jnu.encoding" value="Cp1252" />
    <property name="java.runtime.name" value="Java(TM) SE Runtime Environment" />
    <property name="application.vendor" value="jrios" />
    <property name="ant.file.type.Platformer-impl" value="file" />
    <property name="jdk.home" value="C:\Program Files (x86)\Java\jdk1.7.0" />
    <property name="sun.awt.keepWorkingSetOnMinimize" value="true" />
    <property name="netbeans.autoupdate.version" value="1.23" />
    <property name="netbeans.dirs" value="C:\Program Files (x86)\NetBeans 7.0.1\nb;C:\Program Files (x86)\NetBeans 7.0.1\ergonomics;C:\Program Files (x86)\NetBeans 7.0.1\ide;C:\Program Files (x86)\NetBeans 7.0.1\java;C:\Program Files (x86)\NetBeans 7.0.1\xml;C:\Program Files (x86)\NetBeans 7.0.1\apisupport;C:\Program Files (x86)\NetBeans 7.0.1\webcommon;C:\Program Files (x86)\NetBeans 7.0.1\websvccommon;C:\Program Files (x86)\NetBeans 7.0.1\enterprise;C:\Program Files (x86)\NetBeans 7.0.1\mobility;C:\Program Files (x86)\NetBeans 7.0.1\profiler;C:\Program Files (x86)\NetBeans 7.0.1\ruby;C:\Program Files (x86)\NetBeans 7.0.1\python;C:\Program Files (x86)\NetBeans 7.0.1\php;C:\Program Files (x86)\NetBeans 7.0.1\visualweb;C:\Program Files (x86)\NetBeans 7.0.1\soa;C:\Program Files (x86)\NetBeans 7.0.1\identity;C:\Program Files (x86)\NetBeans 7.0.1\uml;C:\Program Files (x86)\NetBeans 7.0.1\harness;C:\Program Files (x86)\NetBeans 7.0.1\cnd;C:\Program Files (x86)\NetBeans 7.0.1\dlight;C:\Program Files (x86)\NetBeans 7.0.1\groovy;C:\Program Files (x86)\NetBeans 7.0.1\extra;C:\Program Files (x86)\NetBeans 7.0.1\javafx;C:\Program Files (x86)\NetBeans 7.0.1\javacard" />
    <property name="main.class.available" value="true" />
    <property name="java.specification.name" value="Java Platform API Specification" />
    <property name="javadoc.author" value="false" />
    <property name="libs.hibernate-support.javadoc" value="" />
    <property name="ap.proc.none.internal" value="" />
    <property name="user.timezone" value="" />
    <property name="manifest.available" value="true" />
    <property name="libs.spring-framework.maven-pom" value="" />
    <property name="libs.swing-layout.maven-pom" value="" />
    <property name="libs.junit.javadoc" value="C:\Users\jrios\.netbeans\7.0\docs\junit-3.8.2-api.zip" />
    <property name="org.openide.specification.version" value="6.2" />
    <property name="user.script" value="" />
    <property name="path.separator" value=";" />
    <property name="version-output" value="java version &quot;1.7" />
    <property name="libs.ejb3-persistence.src" value="" />
    <property name="libs.absolutelayout.classpath" value="C:\Program Files (x86)\NetBeans 7.0.1\java\modules\ext\AbsoluteLayout.jar" />
    <property name="ant.file.type.Platformer" value="file" />
    <property name="libs.jaxb.maven-pom" value="" />
    <property name="netbeans.accept_license_class" value="org.netbeans.license.AcceptLicense" />
    <property name="file.encoding" value="Cp1252" />
    <property name="libs.eclipselink.src" value="" />
    <property name="dist.javadoc.dir" value="dist/javadoc" />
    <property name="ant.project.default-target" value="default" />
    <property name="libs.hibernate-persistence.javadoc" value="" />
    <property name="libs.ejb3-persistence.classpath" value="C:\Program Files (x86)\NetBeans 7.0.1\java\modules\ext\hibernate\ejb3-persistence.jar" />
    <property name="sun.java.command" value="org.apache.tools.ant.taskdefs.optional.junit.JUnitTestRunner platformer.PlatformerTest filtertrace=true haltOnError=false haltOnFailure=false showoutput=true outputtoformatters=true logfailedtests=true logtestlistenerevents=true formatter=org.apache.tools.ant.taskdefs.optional.junit.BriefJUnitResultFormatter formatter=org.apache.tools.ant.taskdefs.optional.junit.XMLJUnitResultFormatter,C:\Users\jrios\Documents\NetBeansProjects\Platformer\build\test\results\TEST-platformer.PlatformerTest.xml crashfile=C:\Users\jrios\Documents\NetBeansProjects\Platformer\build\junitvmwatcher2410201130168102244.properties propsfile=C:\Users\jrios\Documents\NetBeansProjects\Platformer\build\junit8869210818111089277.properties" />
    <property name="built-jar.properties" value="C:\Users\jrios\Documents\NetBeansProjects\Platformer\build\built-jar.properties" />
    <property name="libs.junit.src" value="" />
    <property name="ant.junit.enabletestlistenerevents" value="true" />
    <property name="ant.file" value="C:\Users\jrios\Documents\NetBeansProjects\Platformer\build.xml" />
    <property name="libs.junit_4.src" value="C:\Users\jrios\.netbeans\7.0\docs\junit-4.8.2-src.jar" />
    <property name="netbeans.autoupdate.language" value="en" />
    <property name="do.jar" value="true" />
    <property name="java.io.tmpdir" value="C:\Users\jrios\AppData\Local\Temp\" />
    <property name="build.test.results.dir" value="build/test/results" />
    <property name="user.language" value="en" />
    <property name="libs.spring-framework300.src" value="" />
    <property name="line.separator" value="&#xd;&#xa;" />
    <property name="apple.laf.useScreenMenuBar" value="true" />
    <property name="libs.absolutelayout.src" value="" />
    <property name="javac.compilerargs" value="" />
    <property name="libs.hibernate-support.maven-pom" value="" />
    <property name="jar.compress" value="false" />
    <property name="debug-transport-by-os" value="dt_shmem" />
    <property name="libs.JWSAntTasks.src" value="" />
    <property name="libs.hibernate-persistence.maven-pom" value="" />
    <property name="java.vm.info" value="mixed mode, sharing" />
    <property name="libs.javac-api.maven-pom" value="" />
    <property name="javadoc.private" value="false" />
    <property name="annotation.processing.processors.list" value="" />
    <property name="sun.desktop" value="windows" />
    <property name="java.vm.specification.name" value="Java Virtual Machine Specification" />
    <property name="build.test.classes.dir" value="build/test/classes" />
    <property name="libs.jaxb.src" value="" />
    <property name="libs.MySQLDriver.javadoc" value="" />
    <property name="netbeans.dynamic.classpath" value="C:\Program Files (x86)\NetBeans 7.0.1\platform\core\core.jar;C:\Program Files (x86)\NetBeans 7.0.1\platform\core\org-openide-filesystems.jar;C:\Program Files (x86)\NetBeans 7.0.1\platform\core\locale\core_ja.jar;C:\Program Files (x86)\NetBeans 7.0.1\platform\core\locale\core_pt_BR.jar;C:\Program Files (x86)\NetBeans 7.0.1\platform\core\locale\core_ru.jar;C:\Program Files (x86)\NetBeans 7.0.1\platform\core\locale\core_zh_CN.jar;C:\Program Files (x86)\NetBeans 7.0.1\platform\core\locale\org-openide-filesystems_ja.jar;C:\Program Files (x86)\NetBeans 7.0.1\platform\core\locale\org-openide-filesystems_pt_BR.jar;C:\Program Files (x86)\NetBeans 7.0.1\platform\core\locale\org-openide-filesystems_ru.jar;C:\Program Files (x86)\NetBeans 7.0.1\platform\core\locale\org-openide-filesystems_zh_CN.jar;C:\Program Files (x86)\NetBeans 7.0.1\nb\core\org-netbeans-upgrader.jar;C:\Program Files (x86)\NetBeans 7.0.1\nb\core\locale\core_nb.jar;C:\Program Files (x86)\NetBeans 7.0.1\nb\core\locale\core_nb_ja.jar;C:\Program Files (x86)\NetBeans 7.0.1\nb\core\locale\core_nb_pt_BR.jar;C:\Program Files (x86)\NetBeans 7.0.1\nb\core\locale\core_nb_ru.jar;C:\Program Files (x86)\NetBeans 7.0.1\nb\core\locale\core_nb_zh_CN.jar;C:\Program Files (x86)\NetBeans 7.0.1\nb\core\locale\org-netbeans-upgrader_ja.jar;C:\Program Files (x86)\NetBeans 7.0.1\nb\core\locale\org-netbeans-upgrader_pt_BR.jar;C:\Program Files (x86)\NetBeans 7.0.1\nb\core\locale\org-netbeans-upgrader_ru.jar;C:\Program Files (x86)\NetBeans 7.0.1\nb\core\locale\org-netbeans-upgrader_zh_CN.jar" />
    <property name="manifest.available+main.class" value="true" />
    <property name="libs.beans-binding.javadoc" value="C:\Program Files (x86)\NetBeans 7.0.1\java\docs\beansbinding-1.2.1-doc.zip" />
    <property name="platform.active" value="default_platform" />
    <property name="ap.cmd.line.internal" value="" />
    <property name="jdkBug6558476" value="false" />
    <property name="libs.spring-framework300.classpath" value="C:\Program Files (x86)\NetBeans 7.0.1\ide\modules\ext\commons-logging-1.1.jar;C:\Program Files (x86)\NetBeans 7.0.1\java\modules\ext\cglib-2.2.jar;C:\Program Files (x86)\NetBeans 7.0.1\java\modules\ext\spring-3.0\spring-aop-3.0.2.RELEASE.jar;C:\Program Files (x86)\NetBeans 7.0.1\java\modules\ext\spring-3.0\spring-asm-3.0.2.RELEASE.jar;C:\Program Files (x86)\NetBeans 7.0.1\java\modules\ext\spring-3.0\spring-aspects-3.0.2.RELEASE.jar;C:\Program Files (x86)\NetBeans 7.0.1\java\modules\ext\spring-3.0\spring-beans-3.0.2.RELEASE.jar;C:\Program Files (x86)\NetBeans 7.0.1\java\modules\ext\spring-3.0\spring-context-3.0.2.RELEASE.jar;C:\Program Files (x86)\NetBeans 7.0.1\java\modules\ext\spring-3.0\spring-context-support-3.0.2.RELEASE.jar;C:\Program Files (x86)\NetBeans 7.0.1\java\modules\ext\spring-3.0\spring-core-3.0.2.RELEASE.jar;C:\Program Files (x86)\NetBeans 7.0.1\java\modules\ext\spring-3.0\spring-expression-3.0.2.RELEASE.jar;C:\Program Files (x86)\NetBeans 7.0.1\java\modules\ext\spring-3.0\spring-instrument-3.0.2.RELEASE.jar;C:\Program Files (x86)\NetBeans 7.0.1\java\modules\ext\spring-3.0\spring-instrument-tomcat-3.0.2.RELEASE.jar;C:\Program Files (x86)\NetBeans 7.0.1\java\modules\ext\spring-3.0\spring-jdbc-3.0.2.RELEASE.jar;C:\Program Files (x86)\NetBeans 7.0.1\java\modules\ext\spring-3.0\spring-jms-3.0.2.RELEASE.jar;C:\Program Files (x86)\NetBeans 7.0.1\java\modules\ext\spring-3.0\spring-orm-3.0.2.RELEASE.jar;C:\Program Files (x86)\NetBeans 7.0.1\java\modules\ext\spring-3.0\spring-oxm-3.0.2.RELEASE.jar;C:\Program Files (x86)\NetBeans 7.0.1\java\modules\ext\spring-3.0\spring-test-3.0.2.RELEASE.jar;C:\Program Files (x86)\NetBeans 7.0.1\java\modules\ext\spring-3.0\spring-tx-3.0.2.RELEASE.jar;C:\Program Files (x86)\NetBeans 7.0.1\java\modules\ext\spring-3.0\spring-web-3.0.2.RELEASE.jar;C:\Program Files (x86)\NetBeans 7.0.1\java\modules\ext\spring-3.0\spring-webmvc-portlet-3.0.2.RELEASE.jar;C:\Program Files (x86)\NetBeans 7.0.1\java\modules\ext\spring-3.0\spring-webmvc-3.0.2.RELEASE.jar;C:\Program Files (x86)\NetBeans 7.0.1\java\modules\ext\spring-3.0\spring-struts-3.0.2.RELEASE.jar" />
    <property name="libs.junit_4.javadoc" value="C:\Users\jrios\.netbeans\7.0\docs\junit-4.8.2-api.zip" />
    <property name="endorsed.classpath" value="" />
    <property name="libs.spring-framework.src" value="" />
    <property name="netbeans.autoupdate.country" value="US" />
    <property name="libs.beans-binding.maven-pom" value="" />
    <property name="do.mkdist" value="true" />
    <property name="javadoc.encoding" value="UTF-8" />
    <property name="java.awt.printerjob" value="sun.awt.windows.WPrinterJob" />
    <property name="ap.processors.internal" value="" />
    <property name="do.archive" value="true" />
    <property name="dist.jar" value="dist/Platformer.jar" />
    <property name="meta.inf.dir" value="src/META-INF" />
    <property name="ant.version" value="Apache Ant(TM) version 1.8.2 compiled on December 20 2010" />
    <property name="netbeans.home" value="C:\Program Files (x86)\NetBeans 7.0.1\platform" />
    <property name="javadoc.nonavbar" value="false" />
    <property name="user.properties.file" value="C:\Users\jrios\.netbeans\7.0\build.properties" />
    <property name="libs.JWSAntTasks.classpath" value="C:\Program Files (x86)\NetBeans 7.0.1\java\ant\extra\org-netbeans-modules-javawebstart-anttasks.jar" />
    <property name="libs.toplink.classpath" value="C:\Program Files (x86)\NetBeans 7.0.1\java\modules\ext\toplink\toplink-essentials.jar;C:\Program Files (x86)\NetBeans 7.0.1\java\modules\ext\toplink\toplink-essentials-agent.jar" />
    <property name="netbeans.importclass" value="org.netbeans.upgrade.AutoUpgrade" />
    <property name="libs.spring-framework.javadoc" value="" />
    <property name="libs.CopyLibs.maven-pom" value="" />
    <property name="annotation.processing.source.output" value="build/generated-sources/ap-source-output" />
    <property name="build.generated.dir" value="build/generated" />
    <property name="netbeans.home+have.tests" value="true" />
    <property name="libs.eclipselink.maven-pom" value="" />
    <property name="apple.awt.graphics.UseQuartz" value="true" />
    <property name="os.name" value="Windows 7" />
    <property name="java.specification.vendor" value="Oracle Corporation" />
    <property name="run.test.classpath" value="C:\Users\jrios\Documents\JGame\JGame\jgame-all.jar:C:\Users\jrios\.netbeans\7.0\modules\ext\junit-4.8.2.jar:build/classes:build/test/classes" />
    <property name="do.archive+main.class.available" value="true" />
    <property name="java.vm.name" value="Java HotSpot(TM) Client VM" />
    <property name="libs.CopyLibs.src" value="" />
    <property name="manifest.available-mkdist.available" value="true" />
    <property name="org.openide.version" value="deprecated" />
    <property name="sun.awt.enableExtraMouseButtons" value="true" />
    <property name="libs.beans-binding.src" value="" />
    <property name="libs.junit.classpath" value="C:\Users\jrios\.netbeans\7.0\modules\ext\junit-3.8.2.jar" />
    <property name="libs.JGame.classpath" value="C:\Users\jrios\Documents\JGame\JGame\jgame-all.jar" />
    <property name="ap.supported.internal" value="true" />
    <property name="java.library.path" value="C:\Program Files (x86)\Java\jdk1.7.0\jre\bin;C:\Windows\Sun\Java\bin;C:\Windows\system32;C:\Windows;C:\Windows\system32;C:\Windows;C:\Windows\System32\Wbem;C:\Windows\System32\WindowsPowerShell\v1.0\; C:\Windows\Microsoft.NET\Framework64\v4.0.30319;C:\Program Files (x86)\jZip;." />
    <property name="libs.toplink.javadoc" value="" />
    <property name="libs.PostgreSQLDriver.javadoc" value="" />
    <property name="libs.eclipselinkmodelgen.maven-pom" value="" />
    <property name="ant.java.version" value="1.7" />
    <property name="javadoc.noindex" value="false" />
    <property name="basedir" value="C:\Users\jrios\Documents\NetBeansProjects\Platformer" />
    <property name="java.class.version" value="51.0" />
    <property name="sun.awt.exception.handler" value="org.netbeans.core.startup.TopLogging$AWTHandler" />
    <property name="javac.test.classpath" value="C:\Users\jrios\Documents\JGame\JGame\jgame-all.jar:C:\Users\jrios\.netbeans\7.0\modules\ext\junit-4.8.2.jar:build/classes" />
    <property name="javac.processorpath" value="C:\Users\jrios\Documents\JGame\JGame\jgame-all.jar:C:\Users\jrios\.netbeans\7.0\modules\ext\junit-4.8.2.jar" />
    <property name="ant.home" value="C:\Program Files (x86)\NetBeans 7.0.1\java\ant" />
    <property name="libs.hibernate-persistence.src" value="" />
    <property name="javadoc.splitindex" value="true" />
    <property name="libs.JGame.src" value="C:\Users\jrios\Documents\JGame\JGame\src-android;C:\Users\jrios\Documents\JGame\JGame\src-base;C:\Users\jrios\Documents\JGame\JGame\src-jogl;C:\Users\jrios\Documents\JGame\JGame\src-jre;C:\Users\jrios\Documents\JGame\JGame\src-midp" />
    <property name="libs.toplink.src" value="" />
    <property name="javac.test.processorpath" value="C:\Users\jrios\Documents\JGame\JGame\jgame-all.jar:C:\Users\jrios\.netbeans\7.0\modules\ext\junit-4.8.2.jar:build/classes" />
    <property name="libs.javac-api.javadoc" value="" />
    <property name="javadoc.preview" value="true" />
    <property name="libs.MySQLDriver.maven-pom" value="" />
    <property name="libs.CopyLibs.javadoc" value="" />
    <property name="libs.PostgreSQLDriver.classpath" value="C:\Program Files (x86)\NetBeans 7.0.1\ide\modules\ext\postgresql-8.3-603.jdbc3.jar" />
    <property name="junit.forkmode" value="perTest" />
    <property name="libs.jaxws21.maven-pom" value="" />
    <property name="libs.junit_4.classpath" value="C:\Users\jrios\.netbeans\7.0\modules\ext\junit-4.8.2.jar" />
    <property name="build.dir" value="build" />
    <property name="sun.boot.library.path" value="C:\Program Files (x86)\Java\jdk1.7.0\jre\bin" />
    <property name="application.title" value="Platformer" />
    <property name="sun.management.compiler" value="HotSpot Client Compiler" />
    <property name="libs.swing-app-framework.classpath" value="C:\Program Files (x86)\NetBeans 7.0.1\java\modules\ext\appframework-1.0.3.jar;C:\Program Files (x86)\NetBeans 7.0.1\java\modules\ext\swing-worker-1.1.jar" />
    <property name="libs.ejb3-persistence.javadoc" value="" />
    <property name="java.awt.graphicsenv" value="sun.awt.Win32GraphicsEnvironment" />
    <property name="user.variant" value="" />
    <property name="javadoc.encoding.used" value="UTF-8" />
    <property name="javadoc.windowtitle" value="" />
    <property name="libs.hibernate-support.src" value="" />
    <property name="annotation.processing.enabled" value="true" />
    <property name="run.jvmargs" value="" />
    <property name="build.generated.sources.dir" value="build/generated-sources" />
    <property name="build.compiler.emacs" value="true" />
    <property name="ant.project.name" value="Platformer" />
    <property name="libs.spring-framework.classpath" value="C:\Program Files (x86)\NetBeans 7.0.1\ide\modules\ext\commons-logging-1.1.jar;C:\Program Files (x86)\NetBeans 7.0.1\java\modules\ext\cglib-2.2.jar;C:\Program Files (x86)\NetBeans 7.0.1\java\modules\ext\spring\spring-2.5.6.SEC01.jar" />
    <property name="libs.swing-layout.classpath" value="C:\Program Files (x86)\NetBeans 7.0.1\platform\modules\ext\swing-layout-1.0.4.jar" />
    <property name="java.vm.specification.version" value="1.7" />
    <property name="work.dir" value="C:\Users\jrios\Documents\NetBeansProjects\Platformer" />
    <property name="libs.jaxb.classpath" value="C:\Program Files (x86)\NetBeans 7.0.1\ide\modules\ext\jaxb\jaxb-impl.jar;C:\Program Files (x86)\NetBeans 7.0.1\ide\modules\ext\jaxb\jaxb-xjc.jar;C:\Program Files (x86)\NetBeans 7.0.1\ide\modules\ext\jaxb\jaxb1-impl.jar;C:\Program Files (x86)\NetBeans 7.0.1\ide\modules\ext\jaxb\activation.jar;C:\Program Files (x86)\NetBeans 7.0.1\ide\modules\ext\jaxb\api\jaxb-api.jar;C:\Program Files (x86)\NetBeans 7.0.1\ide\modules\ext\jaxb\api\jsr173_api.jar" />
    <property name="awt.toolkit" value="sun.awt.windows.WToolkit" />
    <property name="javadoc.use" value="true" />
    <property name="manifest.available+main.class-mkdist.available" value="true" />
    <property name="libs.JGame.javadoc" value="C:\Users\jrios\Documents\JGame\JGame\javadoc" />
    <property name="sun.cpu.isalist" value="" />
    <property name="java.ext.dirs" value="C:\Program Files (x86)\Java\jdk1.7.0\jre\lib\ext;C:\Windows\Sun\Java\lib\ext" />
    <property name="os.version" value="6.1" />
    <property name="excludes" value="" />
    <property name="user.home" value="C:\Users\jrios" />
    <property name="org.xml.sax.driver" value="com.sun.org.apache.xerces.internal.jaxp.SAXParserImpl$JAXPSAXParser" />
    <property name="java.vm.vendor" value="Oracle Corporation" />
    <property name="libs.absolutelayout.maven-pom" value="" />
    <property name="user.dir" value="C:\Users\jrios\Documents\NetBeansProjects\Platformer" />
    <property name="debug-transport" value="dt_shmem" />
    <property name="libs.ejb3-persistence.maven-pom" value="" />
    <property name="application.args" value="" />
    <property name="sun.cpu.endian" value="little" />
    <property name="compile.on.save" value="true" />
    <property name="libs.hibernate-support.classpath" value="C:\Program Files (x86)\NetBeans 7.0.1\java\modules\ext\hibernate\antlr-2.7.6.jar;C:\Program Files (x86)\NetBeans 7.0.1\java\modules\ext\hibernate\asm.jar;C:\Program Files (x86)\NetBeans 7.0.1\java\modules\ext\hibernate\asm-attrs.jar;C:\Program Files (x86)\NetBeans 7.0.1\java\modules\ext\hibernate\cglib-2.1.3.jar;C:\Program Files (x86)\NetBeans 7.0.1\java\modules\ext\hibernate\commons-collections-2.1.1.jar;C:\Program Files (x86)\NetBeans 7.0.1\ide\modules\ext\commons-logging-1.1.jar;C:\Program Files (x86)\NetBeans 7.0.1\java\modules\ext\hibernate\dom4j-1.6.1.jar;C:\Program Files (x86)\NetBeans 7.0.1\java\modules\ext\hibernate\ehcache-1.2.3.jar;C:\Program Files (x86)\NetBeans 7.0.1\java\modules\ext\hibernate\jdbc2_0-stdext.jar;C:\Program Files (x86)\NetBeans 7.0.1\java\modules\ext\hibernate\jta.jar;C:\Program Files (x86)\NetBeans 7.0.1\java\modules\ext\hibernate\hibernate3.jar;C:\Program Files (x86)\NetBeans 7.0.1\java\modules\ext\hibernate\hibernate-tools.jar;C:\Program Files (x86)\NetBeans 7.0.1\java\modules\ext\hibernate\hibernate-annotations.jar;C:\Program Files (x86)\NetBeans 7.0.1\java\modules\ext\hibernate\hibernate-commons-annotations.jar;C:\Program Files (x86)\NetBeans 7.0.1\java\modules\ext\hibernate\hibernate-entitymanager.jar;C:\Program Files (x86)\NetBeans 7.0.1\java\modules\ext\hibernate\javassist.jar" />
    <property name="ignore.failing.tests" value="true" />
    <property name="libs.eclipselinkmodelgen.javadoc" value="" />
    <property name="endorsed.classpath.cmd.line.arg" value="" />
    <property name="jar.index" value="false" />
    <property name="libs.spring-framework300.javadoc" value="" />
    <property name="libs.MySQLDriver.src" value="" />
    <property name="java.vm.version" value="21.0-b17" />
    <property name="libs.hibernate-persistence.classpath" value="C:\Program Files (x86)\NetBeans 7.0.1\java\modules\ext\hibernate\antlr-2.7.6.jar;C:\Program Files (x86)\NetBeans 7.0.1\java\modules\ext\hibernate\asm.jar;C:\Program Files (x86)\NetBeans 7.0.1\java\modules\ext\hibernate\asm-attrs.jar;C:\Program Files (x86)\NetBeans 7.0.1\java\modules\ext\hibernate\cglib-2.1.3.jar;C:\Program Files (x86)\NetBeans 7.0.1\java\modules\ext\hibernate\commons-collections-2.1.1.jar;C:\Program Files (x86)\NetBeans 7.0.1\ide\modules\ext\commons-logging-1.1.jar;C:\Program Files (x86)\NetBeans 7.0.1\java\modules\ext\hibernate\dom4j-1.6.1.jar;C:\Program Files (x86)\NetBeans 7.0.1\java\modules\ext\hibernate\ehcache-1.2.3.jar;C:\Program Files (x86)\NetBeans 7.0.1\java\modules\ext\hibernate\jdbc2_0-stdext.jar;C:\Program Files (x86)\NetBeans 7.0.1\java\modules\ext\hibernate\jta.jar;C:\Program Files (x86)\NetBeans 7.0.1\java\modules\ext\hibernate\hibernate3.jar;C:\Program Files (x86)\NetBeans 7.0.1\java\modules\ext\hibernate\hibernate-tools.jar;C:\Program Files (x86)\NetBeans 7.0.1\java\modules\ext\hibernate\hibernate-annotations.jar;C:\Program Files (x86)\NetBeans 7.0.1\java\modules\ext\hibernate\hibernate-commons-annotations.jar;C:\Program Files (x86)\NetBeans 7.0.1\java\modules\ext\hibernate\hibernate-entitymanager.jar;C:\Program Files (x86)\NetBeans 7.0.1\java\modules\ext\hibernate\javassist.jar;C:\Program Files (x86)\NetBeans 7.0.1\java\modules\ext\hibernate\ejb3-persistence.jar" />
    <property name="annotation.processing.processor.options" value="" />
    <property name="java.class.path" value="C:\Users\jrios\Documents\JGame\JGame\jgame-all.jar;C:\Users\jrios\.netbeans\7.0\modules\ext\junit-4.8.2.jar;C:\Users\jrios\Documents\NetBeansProjects\Platformer\build\classes;C:\Users\jrios\Documents\NetBeansProjects\Platformer\build\test\classes;C:\Program Files (x86)\NetBeans 7.0.1\java\ant\lib\ant-launcher.jar;C:\Program Files (x86)\NetBeans 7.0.1\java\ant\lib\ant.jar;C:\Program Files (x86)\NetBeans 7.0.1\java\ant\lib\ant-junit.jar;C:\Program Files (x86)\NetBeans 7.0.1\java\ant\lib\ant-junit4.jar" />
    <property name="os.arch" value="x86" />
    <property name="javac.deprecation" value="false" />
    <property name="ant.file.Platformer" value="C:\Users\jrios\Documents\NetBeansProjects\Platformer\build.xml" />
    <property name="build.classes.excludes" value="**/*.java,**/*.form" />
    <property name="dist.dir" value="dist" />
    <property name="debug.classpath" value="C:\Users\jrios\Documents\JGame\JGame\jgame-all.jar:C:\Users\jrios\.netbeans\7.0\modules\ext\junit-4.8.2.jar:build/classes" />
    <property name="netbeans.user" value="C:\Users\jrios\.netbeans\7.0" />
    <property name="sun.java.launcher" value="SUN_STANDARD" />
    <property name="jar.index.metainf" value="false" />
    <property name="annotation.processing.enabled.in.editor" value="false" />
    <property name="ant.core.lib" value="C:\Program Files (x86)\NetBeans 7.0.1\java\ant\lib\ant.jar" />
    <property name="java.vm.specification.vendor" value="Oracle Corporation" />
    <property name="do.depend" value="false" />
    <property name="file.separator" value="\" />
    <property name="java.runtime.version" value="1.7.0-b147" />
    <property name="sun.boot.class.path" value="C:\Program Files (x86)\Java\jdk1.7.0\jre\lib\resources.jar;C:\Program Files (x86)\Java\jdk1.7.0\jre\lib\rt.jar;C:\Program Files (x86)\Java\jdk1.7.0\jre\lib\sunrsasign.jar;C:\Program Files (x86)\Java\jdk1.7.0\jre\lib\jsse.jar;C:\Program Files (x86)\Java\jdk1.7.0\jre\lib\jce.jar;C:\Program Files (x86)\Java\jdk1.7.0\jre\lib\charsets.jar;C:\Program Files (x86)\Java\jdk1.7.0\jre\classes" />
    <property name="debug.test.classpath" value="C:\Users\jrios\Documents\JGame\JGame\jgame-all.jar:C:\Users\jrios\.netbeans\7.0\modules\ext\junit-4.8.2.jar:build/classes:build/test/classes" />
    <property name="libs.beans-binding.classpath" value="C:\Program Files (x86)\NetBeans 7.0.1\java\modules\ext\beansbinding-1.2.1.jar" />
    <property name="have.tests" value="true" />
    <property name="main.class" value="platformer.Platformer" />
    <property name="libs.JWSAntTasks.maven-pom" value="" />
    <property name="java.util.logging.config.class" value="org.netbeans.core.startup.TopLogging" />
    <property name="libs.javac-api.classpath" value="C:\Program Files (x86)\NetBeans 7.0.1\java\modules\ext\javac-api-nb-7.0-b07.jar" />
    <property name="user.country" value="US" />
    <property name="javadoc.notree" value="false" />
    <property name="libs.spring-framework300.maven-pom" value="" />
    <property name="libs.jaxws21.javadoc" value="C:\Program Files (x86)\NetBeans 7.0.1\java\docs\jaxws-api-doc.zip" />
    <property name="javac.classpath" value="C:\Users\jrios\Documents\JGame\JGame\jgame-all.jar:C:\Users\jrios\.netbeans\7.0\modules\ext\junit-4.8.2.jar" />
    <property name="default.javac.target" value="1.7" />
    <property name="javadoc.additionalparam" value="" />
    <property name="build.classes.dir" value="build/classes" />
    <property name="do.archive+manifest.available" value="true" />
    <property name="libs.swing-layout.javadoc" value="C:\Program Files (x86)\NetBeans 7.0.1\platform\docs\swing-layout-1.0.4-doc.zip" />
    <property name="libs.swing-layout.src" value="C:\Program Files (x86)\NetBeans 7.0.1\platform\docs\swing-layout-1.0.4-src.zip" />
    <property name="javac.target" value="1.6" />
    <property name="java.vendor" value="Oracle Corporation" />
    <property name="libs.eclipselink.classpath" value="C:\Program Files (x86)\NetBeans 7.0.1\java\modules\ext\eclipselink\eclipselink-2.2.0.jar;C:\Program Files (x86)\NetBeans 7.0.1\java\modules\ext\eclipselink\eclipselink-javax.persistence-2.0.jar" />
    <property name="runtime.encoding" value="UTF-8" />
    <property name="libs.JGame.maven-pom" value="" />
    <property name="libs.swing-app-framework.src" value="" />
    <property name="java.specification.version" value="1.7" />
    <property name="libs.JWSAntTasks.javadoc" value="" />
    <property name="mkdist.disabled" value="false" />
    <property name="sun.arch.data.model" value="32" />
  </properties>
  <testcase classname="platformer.PlatformerTest" name="playerWin" time="0.355" />
  <testcase classname="platformer.PlatformerTest" name="playerPop" time="0.006" />
  <testcase classname="platformer.PlatformerTest" name="playerExists" time="0.077" />
  <testcase classname="platformer.PlatformerTest" name="playerMove" time="0.153" />
  <system-out><![CDATA[In initCanvas()
Done with constructor
In checkWin()
In doFrame()
In checkWin()
In doFrame()
In checkWin()
In doFrame()
In checkWin()
In doFrame()
In checkWin()
In doFrame()
In checkWin()
In doFrame()
In checkWin()
In doFrame()
In checkWin()
In doFrame()
In checkWin()
In doFrame()
In checkWin()
In doFrame()
In checkWin()
In doFrame()
In checkWin()
In doFrame()
In checkWin()
In doFrame()
In checkWin()
In doFrame()
In checkWin()
In doFrame()
In checkWin()
In doFrame()
In checkWin()
In doFrame()
In checkWin()
In doFrame()
In checkWin()
In doFrame()
In checkWin()
In doFrame()
In checkWin()
In doFrame()
In checkWin()
In doFrame()
In checkWin()
In doFrame()
In checkWin()
In doFrame()
In checkWin()
In doFrame()
In checkWin()
In doFrame()
In checkWin()
In doFrame()
In checkWin()
In doFrame()
In checkWin()
In doFrame()
In checkWin()
In doFrame()
In checkWin()
In doFrame()
In checkWin()
In doFrame()
In checkWin()
In doFrame()
In checkWin()
In doFrame()
In checkWin()
In doFrame()
In checkWin()
In doFrame()
In checkWin()
In doFrame()
In checkWin()
In doFrame()
In checkWin()
In doFrame()
In checkWin()
In doFrame()
In checkWin()
In doFrame()
In checkWin()
In doFrame()
In checkWin()
In doFrame()
In checkWin()
In doFrame()
In checkWin()
In doFrame()
In checkWin()
In doFrame()
In checkWin()
In doFrame()
In checkWin()
In doFrame()
In checkWin()
In doFrame()
In checkWin()
In doFrame()
In checkWin()
In doFrame()
In checkWin()
In doFrame()
In checkWin()
In doFrame()
In checkWin()
In doFrame()
In checkWin()
In doFrame()
In checkWin()
In doFrame()
In checkWin()
In doFrame()
In checkWin()
In doFrame()
In checkWin()
In doFrame()
In checkWin()
In doFrame()
In checkWin()
In doFrame()
In checkWin()
In doFrame()
In checkWin()
In doFrame()
In checkWin()
In doFrame()
In checkWin()
In doFrame()
In checkWin()
In doFrame()
In checkWin()
In doFrame()
In checkWin()
In doFrame()
In checkWin()
In doFrame()
In checkWin()
In doFrame()
In checkWin()
In doFrame()
In initCanvas()
Done with constructor
In initGame()
In checkWin()
In doFrame()
In initCanvas()
Done with constructor
In initCanvas()
In checkWin()
In doFrame()
In checkWin()
In doFrame()
In checkWin()
In doFrame()
In checkWin()
In doFrame()
In checkWin()
In doFrame()
Done with constructor
]]></system-out>
  <system-err><![CDATA[]]></system-err>
</testsuite>
